api_key: str = os.getenv("ALPACA_API_KEY", "your_key_here")
secret_key: str = os.getenv("ALPACA_SECRET_KEY", "your_secret_here")2026-02-09 14:02:24 | ERROR    | Set ALPACA_API_KEY and ALPACA_SECRET_KEY
2026-02-09 14:06:04 | INFO     | ============================================================
2026-02-09 14:06:04 | INFO     | HFT Bot | 14:06:04 | symbols=['AAPL', 'MSFT', 'NVDA', 'AMD', 'TSLA', 'GOOG', 'AMZN', 'META', 'AVGO', 'CRM', 'ORCL', 'ADBE', 'INTC', 'QCOM', 'MU', 'ANET', 'JPM', 'GS', 'MS', 'BAC', 'V', 'MA', 'BLK', 'C', 'UNH', 'JNJ', 'LLY', 'PFE', 'ABBV', 'MRK', 'TMO', 'ABT', 'WMT', 'COST', 'HD', 'NKE', 'SBUX', 'MCD', 'KO', 'PEP', 'XOM', 'CVX', 'CAT', 'BA', 'GE', 'UPS', 'DE', 'LMT', 'NFLX', 'DIS', 'PYPL', 'SQ', 'COIN', 'RIVN', 'PLTR', 'SOFI'] | 5min bars
2026-02-09 14:06:04 | INFO     | ============================================================
2026-02-09 14:06:04 | INFO     | --- AAPL ---
2026-02-09 14:06:04 | ERROR    | Failed to fetch data for AAPL: 'str' object has no attribute 'value'
2026-02-09 14:06:04 | INFO     | --- MSFT ---
2026-02-09 14:06:04 | ERROR    | Failed to fetch data for MSFT: 'str' object has no attribute 'value'
2026-02-09 14:06:04 | INFO     | --- NVDA ---
2026-02-09 14:06:04 | ERROR    | Failed to fetch data for NVDA: 'str' object has no attribute 'value'
2026-02-09 14:06:04 | INFO     | --- AMD ---
2026-02-09 14:06:04 | ERROR    | Failed to fetch data for AMD: 'str' object has no attribute 'value'
2026-02-09 14:06:04 | INFO     | --- TSLA ---
2026-02-09 14:06:04 | ERROR    | Failed to fetch data for TSLA: 'str' object has no attribute 'value'
2026-02-09 14:06:04 | INFO     | --- GOOG ---
2026-02-09 14:06:04 | ERROR    | Failed to fetch data for GOOG: 'str' object has no attribute 'value'
2026-02-09 14:06:04 | INFO     | --- AMZN ---
2026-02-09 14:06:04 | ERROR    | Failed to fetch data for AMZN: 'str' object has no attribute 'value'
2026-02-09 14:06:04 | INFO     | --- META ---
2026-02-09 14:06:04 | ERROR    | Failed to fetch data for META: 'str' object has no attribute 'value'
2026-02-09 14:06:04 | INFO     | --- AVGO ---
2026-02-09 14:06:04 | ERROR    | Failed to fetch data for AVGO: 'str' object has no attribute 'value'
2026-02-09 14:06:04 | INFO     | --- CRM ---
2026-02-09 14:06:04 | ERROR    | Failed to fetch data for CRM: 'str' object has no attribute 'value'
2026-02-09 14:06:04 | INFO     | --- ORCL ---
2026-02-09 14:06:04 | ERROR    | Failed to fetch data for ORCL: 'str' object has no attribute 'value'
2026-02-09 14:06:04 | INFO     | --- ADBE ---
2026-02-09 14:06:04 | ERROR    | Failed to fetch data for ADBE: 'str' object has no attribute 'value'
2026-02-09 14:06:04 | INFO     | --- INTC ---
2026-02-09 14:06:04 | ERROR    | Failed to fetch data for INTC: 'str' object has no attribute 'value'
2026-02-09 14:06:04 | INFO     | --- QCOM ---
2026-02-09 14:06:04 | ERROR    | Failed to fetch data for QCOM: 'str' object has no attribute 'value'
2026-02-09 14:06:04 | INFO     | --- MU ---
2026-02-09 14:06:04 | ERROR    | Failed to fetch data for MU: 'str' object has no attribute 'value'
2026-02-09 14:06:04 | INFO     | --- ANET ---
2026-02-09 14:06:04 | ERROR    | Failed to fetch data for ANET: 'str' object has no attribute 'value'
2026-02-09 14:06:04 | INFO     | --- JPM ---
2026-02-09 14:06:04 | ERROR    | Failed to fetch data for JPM: 'str' object has no attribute 'value'
2026-02-09 14:06:04 | INFO     | --- GS ---
2026-02-09 14:06:04 | ERROR    | Failed to fetch data for GS: 'str' object has no attribute 'value'
2026-02-09 14:06:04 | INFO     | --- MS ---
2026-02-09 14:06:04 | ERROR    | Failed to fetch data for MS: 'str' object has no attribute 'value'
2026-02-09 14:06:04 | INFO     | --- BAC ---
2026-02-09 14:06:04 | ERROR    | Failed to fetch data for BAC: 'str' object has no attribute 'value'
2026-02-09 14:06:04 | INFO     | --- V ---
2026-02-09 14:06:04 | ERROR    | Failed to fetch data for V: 'str' object has no attribute 'value'
2026-02-09 14:06:04 | INFO     | --- MA ---
2026-02-09 14:06:04 | ERROR    | Failed to fetch data for MA: 'str' object has no attribute 'value'
2026-02-09 14:06:04 | INFO     | --- BLK ---
2026-02-09 14:06:04 | ERROR    | Failed to fetch data for BLK: 'str' object has no attribute 'value'
2026-02-09 14:06:04 | INFO     | --- C ---
2026-02-09 14:06:04 | ERROR    | Failed to fetch data for C: 'str' object has no attribute 'value'
2026-02-09 14:06:04 | INFO     | --- UNH ---
2026-02-09 14:06:04 | ERROR    | Failed to fetch data for UNH: 'str' object has no attribute 'value'
2026-02-09 14:06:04 | INFO     | --- JNJ ---
2026-02-09 14:06:04 | ERROR    | Failed to fetch data for JNJ: 'str' object has no attribute 'value'
2026-02-09 14:06:04 | INFO     | --- LLY ---
2026-02-09 14:06:04 | ERROR    | Failed to fetch data for LLY: 'str' object has no attribute 'value'
2026-02-09 14:06:04 | INFO     | --- PFE ---
2026-02-09 14:06:04 | ERROR    | Failed to fetch data for PFE: 'str' object has no attribute 'value'
2026-02-09 14:06:04 | INFO     | --- ABBV ---
2026-02-09 14:06:04 | ERROR    | Failed to fetch data for ABBV: 'str' object has no attribute 'value'
2026-02-09 14:06:04 | INFO     | --- MRK ---
2026-02-09 14:06:04 | ERROR    | Failed to fetch data for MRK: 'str' object has no attribute 'value'
2026-02-09 14:06:04 | INFO     | --- TMO ---
2026-02-09 14:06:04 | ERROR    | Failed to fetch data for TMO: 'str' object has no attribute 'value'
2026-02-09 14:06:04 | INFO     | --- ABT ---
2026-02-09 14:06:04 | ERROR    | Failed to fetch data for ABT: 'str' object has no attribute 'value'
2026-02-09 14:06:04 | INFO     | --- WMT ---
2026-02-09 14:06:04 | ERROR    | Failed to fetch data for WMT: 'str' object has no attribute 'value'
2026-02-09 14:06:04 | INFO     | --- COST ---
2026-02-09 14:06:04 | ERROR    | Failed to fetch data for COST: 'str' object has no attribute 'value'
2026-02-09 14:06:04 | INFO     | --- HD ---
2026-02-09 14:06:04 | ERROR    | Failed to fetch data for HD: 'str' object has no attribute 'value'
2026-02-09 14:06:04 | INFO     | --- NKE ---
2026-02-09 14:06:04 | ERROR    | Failed to fetch data for NKE: 'str' object has no attribute 'value'
2026-02-09 14:06:04 | INFO     | --- SBUX ---
2026-02-09 14:06:04 | ERROR    | Failed to fetch data for SBUX: 'str' object has no attribute 'value'
2026-02-09 14:06:04 | INFO     | --- MCD ---
2026-02-09 14:06:04 | ERROR    | Failed to fetch data for MCD: 'str' object has no attribute 'value'
2026-02-09 14:06:04 | INFO     | --- KO ---
2026-02-09 14:06:04 | ERROR    | Failed to fetch data for KO: 'str' object has no attribute 'value'
2026-02-09 14:06:04 | INFO     | --- PEP ---
2026-02-09 14:06:04 | ERROR    | Failed to fetch data for PEP: 'str' object has no attribute 'value'
2026-02-09 14:06:04 | INFO     | --- XOM ---
2026-02-09 14:06:04 | ERROR    | Failed to fetch data for XOM: 'str' object has no attribute 'value'
2026-02-09 14:06:04 | INFO     | --- CVX ---
2026-02-09 14:06:04 | ERROR    | Failed to fetch data for CVX: 'str' object has no attribute 'value'
2026-02-09 14:06:04 | INFO     | --- CAT ---
2026-02-09 14:06:04 | ERROR    | Failed to fetch data for CAT: 'str' object has no attribute 'value'
2026-02-09 14:06:04 | INFO     | --- BA ---
2026-02-09 14:06:04 | ERROR    | Failed to fetch data for BA: 'str' object has no attribute 'value'
2026-02-09 14:06:04 | INFO     | --- GE ---
2026-02-09 14:06:04 | ERROR    | Failed to fetch data for GE: 'str' object has no attribute 'value'
2026-02-09 14:06:04 | INFO     | --- UPS ---
2026-02-09 14:06:04 | ERROR    | Failed to fetch data for UPS: 'str' object has no attribute 'value'
2026-02-09 14:06:04 | INFO     | --- DE ---
2026-02-09 14:06:04 | ERROR    | Failed to fetch data for DE: 'str' object has no attribute 'value'
2026-02-09 14:06:04 | INFO     | --- LMT ---
2026-02-09 14:06:04 | ERROR    | Failed to fetch data for LMT: 'str' object has no attribute 'value'
2026-02-09 14:06:04 | INFO     | --- NFLX ---
2026-02-09 14:06:04 | ERROR    | Failed to fetch data for NFLX: 'str' object has no attribute 'value'
2026-02-09 14:06:04 | INFO     | --- DIS ---
2026-02-09 14:06:04 | ERROR    | Failed to fetch data for DIS: 'str' object has no attribute 'value'
2026-02-09 14:06:04 | INFO     | --- PYPL ---
2026-02-09 14:06:04 | ERROR    | Failed to fetch data for PYPL: 'str' object has no attribute 'value'
2026-02-09 14:06:04 | INFO     | --- SQ ---
2026-02-09 14:06:04 | ERROR    | Failed to fetch data for SQ: 'str' object has no attribute 'value'
2026-02-09 14:06:04 | INFO     | --- COIN ---
2026-02-09 14:06:04 | ERROR    | Failed to fetch data for COIN: 'str' object has no attribute 'value'
2026-02-09 14:06:04 | INFO     | --- RIVN ---
2026-02-09 14:06:04 | ERROR    | Failed to fetch data for RIVN: 'str' object has no attribute 'value'
2026-02-09 14:06:04 | INFO     | --- PLTR ---
2026-02-09 14:06:04 | ERROR    | Failed to fetch data for PLTR: 'str' object has no attribute 'value'
2026-02-09 14:06:04 | INFO     | --- SOFI ---
2026-02-09 14:06:04 | ERROR    | Failed to fetch data for SOFI: 'str' object has no attribute 'value'
2026-02-09 14:06:04 | INFO     | Done.
2026-02-09 14:07:18 | INFO     | ============================================================
2026-02-09 14:07:18 | INFO     | HFT Bot | 14:07:18 | symbols=['AAPL', 'MSFT', 'NVDA', 'AMD', 'TSLA', 'GOOG', 'AMZN', 'META', 'AVGO', 'CRM', 'ORCL', 'ADBE', 'INTC', 'QCOM', 'MU', 'ANET', 'JPM', 'GS', 'MS', 'BAC', 'V', 'MA', 'BLK', 'C', 'UNH', 'JNJ', 'LLY', 'PFE', 'ABBV', 'MRK', 'TMO', 'ABT', 'WMT', 'COST', 'HD', 'NKE', 'SBUX', 'MCD', 'KO', 'PEP', 'XOM', 'CVX', 'CAT', 'BA', 'GE', 'UPS', 'DE', 'LMT', 'NFLX', 'DIS', 'PYPL', 'SQ', 'COIN', 'RIVN', 'PLTR', 'SOFI'] | 5min bars
2026-02-09 14:07:18 | INFO     | ============================================================
2026-02-09 14:07:18 | INFO     | --- AAPL ---
2026-02-09 14:07:19 | INFO     | AAPL — 564 bars (5min), latest $277.72
2026-02-09 14:07:19 | INFO     | AAPL BUY score: 1/4
2026-02-09 14:07:19 | INFO     |   MACD histogram flipped positive [+1]
2026-02-09 14:07:19 | INFO     | AAPL — no signal
2026-02-09 14:07:19 | INFO     | --- MSFT ---
2026-02-09 14:07:20 | INFO     | MSFT — 576 bars (5min), latest $404.40
2026-02-09 14:07:20 | INFO     | MSFT BUY score: 2/4
2026-02-09 14:07:20 | INFO     |   EMA(8) > EMA(21) (uptrend) [+1]
2026-02-09 14:07:20 | INFO     |   Volume spike 49936 vs avg 21451 [+1]
2026-02-09 14:07:20 | INFO     | MSFT — no signal
2026-02-09 14:07:20 | INFO     | --- NVDA ---
2026-02-09 14:07:20 | INFO     | NVDA — 576 bars (5min), latest $183.90
2026-02-09 14:07:20 | INFO     | NVDA BUY score: 1/4
2026-02-09 14:07:20 | INFO     |   RSI(5) 34.8 < 35.0 [+1]
2026-02-09 14:07:20 | INFO     | NVDA — no signal
2026-02-09 14:07:20 | INFO     | --- AMD ---
2026-02-09 14:07:20 | INFO     | AMD — 576 bars (5min), latest $208.02
2026-02-09 14:07:21 | INFO     | AMD BUY score: 2/4
2026-02-09 14:07:21 | INFO     |   RSI(5) 32.3 < 35.0 [+1]
2026-02-09 14:07:21 | INFO     |   EMA(8) > EMA(21) (uptrend) [+1]
2026-02-09 14:07:21 | INFO     | AMD — no signal
2026-02-09 14:07:21 | INFO     | --- TSLA ---
2026-02-09 14:07:21 | INFO     | TSLA — 576 bars (5min), latest $409.33
2026-02-09 14:07:21 | INFO     | TSLA BUY score: 4/4
2026-02-09 14:07:21 | INFO     |   RSI(5) 17.9 < 25.0 [+2]
2026-02-09 14:07:21 | INFO     |   Price below lower BB $409.35 [+2]
2026-02-09 14:07:21 | INFO     | TSLA BUY 122 @ $409.33 | Stop $408.42 | Target $410.69
2026-02-09 14:07:21 | INFO     | ORDER BUY 122 x TSLA — ID 40b50ca2-d642-41ed-abad-c747fc76b617
2026-02-09 14:07:21 | INFO     | --- GOOG ---
2026-02-09 14:07:21 | INFO     | GOOG — 576 bars (5min), latest $320.88
2026-02-09 14:07:21 | INFO     | GOOG BUY score: 6/4
2026-02-09 14:07:21 | INFO     |   RSI(5) 22.0 < 25.0 [+2]
2026-02-09 14:07:21 | INFO     |   Price $320.88 below VWAP $326.64 (-1.76%) [+2]
2026-02-09 14:07:21 | INFO     |   Price below lower BB $320.94 [+2]
2026-02-09 14:07:22 | INFO     | GOOG BUY 155 @ $320.88 | Stop $320.29 | Target $321.77
2026-02-09 14:07:22 | INFO     | ORDER BUY 155 x GOOG — ID 8a3807f4-55ed-4337-908c-83e6b92d74f7
2026-02-09 14:07:22 | INFO     | --- AMZN ---
2026-02-09 14:07:22 | INFO     | AMZN — 575 bars (5min), latest $209.01
2026-02-09 14:07:22 | INFO     | AMZN BUY score: 3/4
2026-02-09 14:07:22 | INFO     |   RSI(5) 28.7 < 35.0 [+1]
2026-02-09 14:07:22 | INFO     |   Price $209.01 below VWAP $213.81 (-2.25%) [+2]
2026-02-09 14:07:22 | INFO     | AMZN — no signal
2026-02-09 14:07:22 | INFO     | --- META ---
2026-02-09 14:07:22 | INFO     | META — 566 bars (5min), latest $662.02
2026-02-09 14:07:22 | INFO     | META BUY score: 3/4
2026-02-09 14:07:22 | INFO     |   Price $662.02 below VWAP $667.14 (-0.77%) [+2]
2026-02-09 14:07:22 | INFO     |   EMA(8) > EMA(21) (uptrend) [+1]
2026-02-09 14:07:22 | INFO     | META — no signal
2026-02-09 14:07:22 | INFO     | --- AVGO ---
2026-02-09 14:07:22 | INFO     | AVGO — 576 bars (5min), latest $329.70
2026-02-09 14:07:23 | INFO     | AVGO BUY score: 0/4
2026-02-09 14:07:23 | INFO     | AVGO — no signal
2026-02-09 14:07:23 | INFO     | --- CRM ---
2026-02-09 14:07:23 | INFO     | CRM — 475 bars (5min), latest $190.00
2026-02-09 14:07:23 | INFO     | CRM BUY score: 3/4
2026-02-09 14:07:23 | INFO     |   RSI(5) 31.0 < 35.0 [+1]
2026-02-09 14:07:23 | INFO     |   Price $190.00 below VWAP $192.97 (-1.54%) [+2]
2026-02-09 14:07:23 | INFO     | CRM — no signal
2026-02-09 14:07:23 | INFO     | --- ORCL ---
2026-02-09 14:07:23 | INFO     | ORCL — 576 bars (5min), latest $149.64
2026-02-09 14:07:23 | INFO     | ORCL BUY score: 1/4
2026-02-09 14:07:23 | INFO     |   EMA(8) > EMA(21) (uptrend) [+1]
2026-02-09 14:07:23 | INFO     | ORCL — no signal
2026-02-09 14:07:23 | INFO     | --- ADBE ---
2026-02-09 14:07:23 | INFO     | ADBE — 479 bars (5min), latest $268.00
2026-02-09 14:07:24 | INFO     | ADBE BUY score: 2/4
2026-02-09 14:07:24 | INFO     |   Price $268.00 below VWAP $272.85 (-1.78%) [+2]
2026-02-09 14:07:24 | INFO     | ADBE — no signal
2026-02-09 14:07:24 | INFO     | --- INTC ---
2026-02-09 14:07:24 | INFO     | INTC — 575 bars (5min), latest $50.07
2026-02-09 14:07:24 | INFO     | INTC BUY score: 2/4
2026-02-09 14:07:24 | INFO     |   RSI(5) 24.9 < 25.0 [+2]
2026-02-09 14:07:24 | INFO     | INTC — no signal
2026-02-09 14:07:24 | INFO     | --- QCOM ---
2026-02-09 14:07:24 | INFO     | QCOM — 481 bars (5min), latest $136.75
2026-02-09 14:07:24 | INFO     | QCOM BUY score: 2/4
2026-02-09 14:07:24 | INFO     |   Price $136.75 below VWAP $139.96 (-2.30%) [+2]
2026-02-09 14:07:24 | INFO     | QCOM — no signal
2026-02-09 14:07:24 | INFO     | --- MU ---
2026-02-09 14:07:24 | INFO     | MU — 576 bars (5min), latest $380.40
2026-02-09 14:07:25 | INFO     | MU BUY score: 3/4
2026-02-09 14:07:25 | INFO     |   Price $380.40 below VWAP $383.40 (-0.78%) [+2]
2026-02-09 14:07:25 | INFO     |   MACD histogram flipped positive [+1]
2026-02-09 14:07:25 | INFO     | MU — no signal
2026-02-09 14:07:25 | INFO     | --- ANET ---
2026-02-09 14:07:25 | INFO     | ANET — 377 bars (5min), latest $137.49
2026-02-09 14:07:25 | INFO     | ANET BUY score: 1/4
2026-02-09 14:07:25 | INFO     |   EMA(8) > EMA(21) (uptrend) [+1]
2026-02-09 14:07:25 | INFO     | ANET — no signal
2026-02-09 14:07:25 | INFO     | --- JPM ---
2026-02-09 14:07:25 | INFO     | JPM — 425 bars (5min), latest $321.13
2026-02-09 14:07:25 | INFO     | JPM BUY score: 1/4
2026-02-09 14:07:25 | INFO     |   RSI(5) 31.4 < 35.0 [+1]
2026-02-09 14:07:25 | INFO     | JPM — no signal
2026-02-09 14:07:25 | INFO     | --- GS ---
2026-02-09 14:07:25 | INFO     | GS — 342 bars (5min), latest $928.50
2026-02-09 14:07:26 | INFO     | GS BUY score: 0/4
2026-02-09 14:07:26 | INFO     | GS — no signal
2026-02-09 14:07:26 | INFO     | --- MS ---
2026-02-09 14:07:26 | INFO     | MS — 285 bars (5min), latest $179.90
2026-02-09 14:07:26 | INFO     | MS BUY score: 1/4
2026-02-09 14:07:26 | INFO     |   MACD histogram flipped positive [+1]
2026-02-09 14:07:26 | INFO     | MS — no signal
2026-02-09 14:07:26 | INFO     | --- BAC ---
2026-02-09 14:07:26 | INFO     | BAC — 434 bars (5min), latest $56.36
2026-02-09 14:07:26 | INFO     | BAC BUY score: 0/4
2026-02-09 14:07:26 | INFO     | BAC — no signal
2026-02-09 14:07:26 | INFO     | --- V ---
2026-02-09 14:07:26 | INFO     | V — 372 bars (5min), latest $331.51
2026-02-09 14:07:27 | INFO     | V BUY score: 1/4
2026-02-09 14:07:27 | INFO     |   EMA(8) > EMA(21) (uptrend) [+1]
2026-02-09 14:07:27 | INFO     | V — no signal
2026-02-09 14:07:27 | INFO     | --- MA ---
2026-02-09 14:07:27 | INFO     | MA — 297 bars (5min), latest $547.30
2026-02-09 14:07:27 | INFO     | MA BUY score: 3/4
2026-02-09 14:07:27 | INFO     |   Price $547.30 below VWAP $550.17 (-0.52%) [+2]
2026-02-09 14:07:27 | INFO     |   EMA(8) > EMA(21) (uptrend) [+1]
2026-02-09 14:07:27 | INFO     | MA — no signal
2026-02-09 14:07:27 | INFO     | --- BLK ---
2026-02-09 14:07:27 | INFO     | BLK — 299 bars (5min), latest $1052.26
2026-02-09 14:07:27 | INFO     | BLK BUY score: 6/4
2026-02-09 14:07:27 | INFO     |   RSI(5) 28.0 < 35.0 [+1]
2026-02-09 14:07:27 | INFO     |   Price $1052.26 below VWAP $1059.95 (-0.73%) [+2]
2026-02-09 14:07:27 | INFO     |   EMA(8) > EMA(21) (uptrend) [+1]
2026-02-09 14:07:27 | INFO     |   Price below lower BB $1052.59 [+2]
2026-02-09 14:07:27 | INFO     | BLK BUY 47 @ $1052.26 | Stop $1049.40 | Target $1056.56
2026-02-09 14:07:27 | INFO     | ORDER BUY 47 x BLK — ID 80c22577-9fd8-47fe-a4f7-07dec1010dc1
2026-02-09 14:07:27 | INFO     | --- C ---
2026-02-09 14:07:27 | INFO     | C — 364 bars (5min), latest $122.40
2026-02-09 14:07:28 | INFO     | C BUY score: 0/4
2026-02-09 14:07:28 | INFO     | C — no signal
2026-02-09 14:07:28 | INFO     | --- UNH ---
2026-02-09 14:07:28 | INFO     | UNH — 534 bars (5min), latest $275.61
2026-02-09 14:07:28 | INFO     | UNH BUY score: 1/4
2026-02-09 14:07:28 | INFO     |   RSI(5) 31.8 < 35.0 [+1]
2026-02-09 14:07:28 | INFO     | UNH — no signal
2026-02-09 14:07:28 | INFO     | --- JNJ ---
2026-02-09 14:07:28 | INFO     | JNJ — 341 bars (5min), latest $239.54
2026-02-09 14:07:28 | INFO     | JNJ BUY score: 0/4
2026-02-09 14:07:28 | INFO     | JNJ — no signal
2026-02-09 14:07:28 | INFO     | --- LLY ---
2026-02-09 14:07:28 | INFO     | LLY — 488 bars (5min), latest $1077.12
2026-02-09 14:07:29 | INFO     | LLY BUY score: 0/4
2026-02-09 14:07:29 | INFO     | LLY — no signal
2026-02-09 14:07:29 | INFO     | --- PFE ---
2026-02-09 14:07:29 | INFO     | PFE — 528 bars (5min), latest $27.12
2026-02-09 14:07:29 | INFO     | PFE BUY score: 2/4
2026-02-09 14:07:29 | INFO     |   RSI(5) 30.5 < 35.0 [+1]
2026-02-09 14:07:29 | INFO     |   Volume spike 20374 vs avg 4066 [+1]
2026-02-09 14:07:29 | INFO     | PFE — no signal
2026-02-09 14:07:29 | INFO     | --- ABBV ---
2026-02-09 14:07:29 | INFO     | ABBV — 293 bars (5min), latest $223.46
2026-02-09 14:07:29 | INFO     | ABBV BUY score: 0/4
2026-02-09 14:07:29 | INFO     | ABBV — no signal
2026-02-09 14:07:29 | INFO     | --- MRK ---
2026-02-09 14:07:29 | INFO     | MRK — 334 bars (5min), latest $121.44
2026-02-09 14:07:30 | INFO     | MRK BUY score: 0/4
2026-02-09 14:07:30 | INFO     | MRK — no signal
2026-02-09 14:07:30 | INFO     | --- TMO ---
2026-02-09 14:07:30 | INFO     | TMO — 254 bars (5min), latest $540.89
2026-02-09 14:07:30 | INFO     | TMO BUY score: 3/4
2026-02-09 14:07:30 | INFO     |   RSI(5) 30.4 < 35.0 [+1]
2026-02-09 14:07:30 | INFO     |   Price $540.89 below VWAP $552.75 (-2.15%) [+2]
2026-02-09 14:07:30 | INFO     | TMO — no signal
2026-02-09 14:07:30 | INFO     | --- ABT ---
2026-02-09 14:07:30 | INFO     | ABT — 308 bars (5min), latest $110.81
2026-02-09 14:07:30 | INFO     | ABT BUY score: 1/4
2026-02-09 14:07:30 | INFO     |   EMA(8) > EMA(21) (uptrend) [+1]
2026-02-09 14:07:30 | INFO     | ABT — no signal
2026-02-09 14:07:30 | INFO     | --- WMT ---
2026-02-09 14:07:30 | INFO     | WMT — 478 bars (5min), latest $130.72
2026-02-09 14:07:31 | INFO     | WMT BUY score: 0/4
2026-02-09 14:07:31 | INFO     | WMT — no signal
2026-02-09 14:07:31 | INFO     | --- COST ---
2026-02-09 14:07:31 | INFO     | COST — 373 bars (5min), latest $998.05
2026-02-09 14:07:31 | INFO     | COST BUY score: 0/4
2026-02-09 14:07:31 | INFO     | COST — no signal
2026-02-09 14:07:31 | INFO     | --- HD ---
2026-02-09 14:07:31 | INFO     | HD — 315 bars (5min), latest $384.56
2026-02-09 14:07:31 | INFO     | HD BUY score: 3/4
2026-02-09 14:07:31 | INFO     |   Price $384.56 below VWAP $385.39 (-0.22%) [+2]
2026-02-09 14:07:31 | INFO     |   Positive momentum +0.271% over 3 bars [+1]
2026-02-09 14:07:31 | INFO     | HD — no signal
2026-02-09 14:07:31 | INFO     | --- NKE ---
2026-02-09 14:07:31 | INFO     | NKE — 460 bars (5min), latest $63.65
2026-02-09 14:07:32 | INFO     | NKE BUY score: 2/4
2026-02-09 14:07:32 | INFO     |   RSI(5) 19.0 < 25.0 [+2]
2026-02-09 14:07:32 | INFO     | NKE — no signal
2026-02-09 14:07:32 | INFO     | --- SBUX ---
2026-02-09 14:07:32 | INFO     | SBUX — 355 bars (5min), latest $98.75
2026-02-09 14:07:32 | INFO     | SBUX BUY score: 0/4
2026-02-09 14:07:32 | INFO     | SBUX — no signal
2026-02-09 14:07:32 | INFO     | --- MCD ---
2026-02-09 14:07:32 | INFO     | MCD — 306 bars (5min), latest $326.69
2026-02-09 14:07:32 | INFO     | MCD BUY score: 0/4
2026-02-09 14:07:32 | INFO     | MCD — no signal
2026-02-09 14:07:32 | INFO     | --- KO ---
2026-02-09 14:07:32 | INFO     | KO — 452 bars (5min), latest $78.78
2026-02-09 14:07:33 | INFO     | KO BUY score: 2/4
2026-02-09 14:07:33 | INFO     |   RSI(5) 33.4 < 35.0 [+1]
2026-02-09 14:07:33 | INFO     |   Volume spike 4405 vs avg 2093 [+1]
2026-02-09 14:07:33 | INFO     | KO — no signal
2026-02-09 14:07:33 | INFO     | --- PEP ---
2026-02-09 14:07:33 | INFO     | PEP — 351 bars (5min), latest $170.06
2026-02-09 14:07:33 | INFO     | PEP BUY score: 1/4
2026-02-09 14:07:33 | INFO     |   Positive momentum +0.171% over 3 bars [+1]
2026-02-09 14:07:33 | INFO     | PEP — no signal
2026-02-09 14:07:33 | INFO     | --- XOM ---
2026-02-09 14:07:33 | INFO     | XOM — 448 bars (5min), latest $148.80
2026-02-09 14:07:33 | INFO     | XOM BUY score: 4/4
2026-02-09 14:07:33 | INFO     |   RSI(5) 15.5 < 25.0 [+2]
2026-02-09 14:07:33 | INFO     |   Price below lower BB $148.86 [+2]
2026-02-09 14:07:33 | INFO     | XOM BUY 335 @ $148.80 | Stop $148.61 | Target $149.09
2026-02-09 14:07:33 | INFO     | ORDER BUY 335 x XOM — ID 7c1ced8c-c2c1-4b28-82cf-291cc63e2e03
2026-02-09 14:07:33 | INFO     | --- CVX ---
2026-02-09 14:07:33 | INFO     | CVX — 380 bars (5min), latest $181.00
2026-02-09 14:07:34 | INFO     | CVX BUY score: 1/4
2026-02-09 14:07:34 | INFO     |   EMA(8) > EMA(21) (uptrend) [+1]
2026-02-09 14:07:34 | INFO     | CVX — no signal
2026-02-09 14:07:34 | INFO     | --- CAT ---
2026-02-09 14:07:34 | INFO     | CAT — 381 bars (5min), latest $724.00
2026-02-09 14:07:34 | INFO     | CAT BUY score: 2/4
2026-02-09 14:07:34 | INFO     |   RSI(5) 24.0 < 25.0 [+2]
2026-02-09 14:07:34 | INFO     | CAT — no signal
2026-02-09 14:07:34 | INFO     | --- BA ---
2026-02-09 14:07:34 | INFO     | BA — 415 bars (5min), latest $242.61
2026-02-09 14:07:34 | INFO     | BA BUY score: 1/4
2026-02-09 14:07:34 | INFO     |   RSI(5) 33.4 < 35.0 [+1]
2026-02-09 14:07:34 | INFO     | BA — no signal
2026-02-09 14:07:34 | INFO     | --- GE ---
2026-02-09 14:07:35 | INFO     | GE — 367 bars (5min), latest $320.24
2026-02-09 14:07:35 | INFO     | GE BUY score: 1/4
2026-02-09 14:07:35 | INFO     |   RSI(5) 29.3 < 35.0 [+1]
2026-02-09 14:07:35 | INFO     | GE — no signal
2026-02-09 14:07:35 | INFO     | --- UPS ---
2026-02-09 14:07:35 | INFO     | UPS — 351 bars (5min), latest $117.50
2026-02-09 14:07:35 | INFO     | UPS BUY score: 2/4
2026-02-09 14:07:35 | INFO     |   EMA(8) > EMA(21) (uptrend) [+1]
2026-02-09 14:07:35 | INFO     |   Positive momentum +0.213% over 3 bars [+1]
2026-02-09 14:07:35 | INFO     | UPS — no signal
2026-02-09 14:07:35 | INFO     | --- DE ---
2026-02-09 14:07:35 | INFO     | DE — 291 bars (5min), latest $582.00
2026-02-09 14:07:35 | INFO     | DE BUY score: 1/4
2026-02-09 14:07:35 | INFO     |   MACD histogram flipped positive [+1]
2026-02-09 14:07:35 | INFO     | DE — no signal
2026-02-09 14:07:35 | INFO     | --- LMT ---
2026-02-09 14:07:36 | INFO     | LMT — 325 bars (5min), latest $620.97
2026-02-09 14:07:36 | INFO     | LMT BUY score: 2/4
2026-02-09 14:07:36 | INFO     |   RSI(5) 22.1 < 25.0 [+2]
2026-02-09 14:07:36 | INFO     | LMT — no signal
2026-02-09 14:07:36 | INFO     | --- NFLX ---
2026-02-09 14:07:36 | INFO     | NFLX — 576 bars (5min), latest $82.27
2026-02-09 14:07:36 | INFO     | NFLX BUY score: 4/4
2026-02-09 14:07:36 | INFO     |   RSI(5) 25.0 < 35.0 [+1]
2026-02-09 14:07:36 | INFO     |   EMA(8) > EMA(21) (uptrend) [+1]
2026-02-09 14:07:36 | INFO     |   Price below lower BB $82.29 [+2]
2026-02-09 14:07:36 | INFO     | NFLX BUY 607 @ $82.27 | Stop $82.13 | Target $82.49
2026-02-09 14:07:36 | INFO     | ORDER BUY 607 x NFLX — ID f50474ef-01b0-42d0-9b5a-21422c351de3
2026-02-09 14:07:36 | INFO     | --- DIS ---
2026-02-09 14:07:36 | INFO     | DIS — 388 bars (5min), latest $108.16
2026-02-09 14:07:40 | INFO     | DIS BUY score: 3/4
2026-02-09 14:07:40 | INFO     |   RSI(5) 27.2 < 35.0 [+1]
2026-02-09 14:07:40 | INFO     |   Price below lower BB $108.23 [+2]
2026-02-09 14:07:40 | INFO     | DIS — no signal
2026-02-09 14:07:40 | INFO     | --- PYPL ---
2026-02-09 14:07:40 | INFO     | PYPL — 556 bars (5min), latest $40.52
2026-02-09 14:07:40 | INFO     | PYPL BUY score: 2/4
2026-02-09 14:07:40 | INFO     |   RSI(5) 34.4 < 35.0 [+1]
2026-02-09 14:07:40 | INFO     |   EMA(8) > EMA(21) (uptrend) [+1]
2026-02-09 14:07:40 | INFO     | PYPL — no signal
2026-02-09 14:07:40 | INFO     | --- SQ ---
2026-02-09 14:07:40 | ERROR    | No data returned for SQ
2026-02-09 14:07:40 | INFO     | --- COIN ---
2026-02-09 14:07:40 | INFO     | COIN — 576 bars (5min), latest $160.90
2026-02-09 14:07:41 | INFO     | COIN BUY score: 1/4
2026-02-09 14:07:41 | INFO     |   RSI(5) 28.0 < 35.0 [+1]
2026-02-09 14:07:41 | INFO     | COIN — no signal
2026-02-09 14:07:41 | INFO     | --- RIVN ---
2026-02-09 14:07:41 | INFO     | RIVN — 502 bars (5min), latest $14.85
2026-02-09 14:07:44 | INFO     | RIVN BUY score: 1/4
2026-02-09 14:07:44 | INFO     |   MACD histogram flipped positive [+1]
2026-02-09 14:07:44 | INFO     | RIVN — no signal
2026-02-09 14:07:44 | INFO     | --- PLTR ---
2026-02-09 14:07:44 | INFO     | PLTR — 576 bars (5min), latest $136.85
2026-02-09 14:07:44 | INFO     | PLTR BUY score: 4/4
2026-02-09 14:07:44 | INFO     |   RSI(5) 19.1 < 25.0 [+2]
2026-02-09 14:07:44 | INFO     |   Price below lower BB $137.08 [+2]
2026-02-09 14:07:44 | INFO     | PLTR BUY 365 @ $136.85 | Stop $136.33 | Target $137.63
2026-02-09 14:07:45 | INFO     | ORDER BUY 365 x PLTR — ID c4862712-0b34-4aa8-8d40-083b0bee5818
2026-02-09 14:07:45 | INFO     | --- SOFI ---
2026-02-09 14:07:45 | INFO     | SOFI — 573 bars (5min), latest $21.35
2026-02-09 14:07:48 | INFO     | SOFI BUY score: 0/4
2026-02-09 14:07:48 | INFO     | SOFI — no signal
2026-02-09 14:07:48 | INFO     | Done.
2026-02-09 14:10:06 | INFO     | ============================================================
2026-02-09 14:10:06 | INFO     | HFT Bot | 14:10:06 | symbols=['AAPL', 'MSFT', 'NVDA', 'AMD', 'TSLA', 'GOOG', 'AMZN', 'META', 'AVGO', 'CRM', 'ORCL', 'ADBE', 'INTC', 'QCOM', 'MU', 'ANET', 'JPM', 'GS', 'MS', 'BAC', 'V', 'MA', 'BLK', 'C', 'UNH', 'JNJ', 'LLY', 'PFE', 'ABBV', 'MRK', 'TMO', 'ABT', 'WMT', 'COST', 'HD', 'NKE', 'SBUX', 'MCD', 'KO', 'PEP', 'XOM', 'CVX', 'CAT', 'BA', 'GE', 'UPS', 'DE', 'LMT', 'NFLX', 'DIS', 'PYPL', 'SQ', 'COIN', 'RIVN', 'PLTR', 'SOFI'] | 5min bars
2026-02-09 14:10:06 | INFO     | ============================================================
2026-02-09 14:10:06 | INFO     | --- AAPL ---
2026-02-09 14:10:07 | INFO     | AAPL — 564 bars (5min), latest $277.79
2026-02-09 14:10:07 | INFO     | AAPL BUY score: 2/4
2026-02-09 14:10:07 | INFO     |   EMA(8) crossed above EMA(21) [+2]
2026-02-09 14:10:07 | INFO     | AAPL — no signal
2026-02-09 14:10:07 | INFO     | --- MSFT ---
2026-02-09 14:10:08 | INFO     | MSFT — 576 bars (5min), latest $405.01
2026-02-09 14:10:08 | INFO     | MSFT BUY score: 1/4
2026-02-09 14:10:08 | INFO     |   EMA(8) > EMA(21) (uptrend) [+1]
2026-02-09 14:10:08 | INFO     | MSFT — no signal
2026-02-09 14:10:08 | INFO     | --- NVDA ---
2026-02-09 14:10:08 | INFO     | NVDA — 576 bars (5min), latest $184.04
2026-02-09 14:10:08 | INFO     | NVDA BUY score: 0/4
2026-02-09 14:10:08 | INFO     | NVDA — no signal
2026-02-09 14:10:08 | INFO     | --- AMD ---
2026-02-09 14:10:08 | INFO     | AMD — 576 bars (5min), latest $207.92
2026-02-09 14:10:09 | INFO     | AMD BUY score: 2/4
2026-02-09 14:10:09 | INFO     |   RSI(5) 29.3 < 35.0 [+1]
2026-02-09 14:10:09 | INFO     |   EMA(8) > EMA(21) (uptrend) [+1]
2026-02-09 14:10:09 | INFO     | AMD — no signal
2026-02-09 14:10:09 | INFO     | --- TSLA ---
2026-02-09 14:10:09 | INFO     | TSLA — 576 bars (5min), latest $409.20
2026-02-09 14:10:09 | INFO     | TSLA SELL score: 2/2
2026-02-09 14:10:09 | INFO     |   Price $409.20 above VWAP $404.85 [+2]
2026-02-09 14:10:09 | INFO     | TSLA P&L: $-15.86 (-0.03%)
2026-02-09 14:10:09 | INFO     | ORDER SELL 122 x TSLA — ID 80e9c244-ba8d-4ccd-aacf-06b136787be6
2026-02-09 14:10:09 | INFO     | --- GOOG ---
2026-02-09 14:10:09 | INFO     | GOOG — 576 bars (5min), latest $320.84
2026-02-09 14:10:09 | INFO     | GOOG SELL score: 0/2
2026-02-09 14:10:09 | INFO     | GOOG HOLD (155 shares, entry $320.88)
2026-02-09 14:10:09 | INFO     | --- AMZN ---
2026-02-09 14:10:09 | INFO     | AMZN — 575 bars (5min), latest $209.15
2026-02-09 14:10:10 | INFO     | AMZN BUY score: 3/4
2026-02-09 14:10:10 | INFO     |   Price $209.15 below VWAP $213.81 (-2.18%) [+2]
2026-02-09 14:10:10 | INFO     |   MACD histogram flipped positive [+1]
2026-02-09 14:10:10 | INFO     | AMZN — no signal
2026-02-09 14:10:10 | INFO     | --- META ---
2026-02-09 14:10:10 | INFO     | META — 566 bars (5min), latest $661.98
2026-02-09 14:10:10 | INFO     | META BUY score: 3/4
2026-02-09 14:10:10 | INFO     |   Price $661.98 below VWAP $667.14 (-0.77%) [+2]
2026-02-09 14:10:10 | INFO     |   EMA(8) > EMA(21) (uptrend) [+1]
2026-02-09 14:10:10 | INFO     | META — no signal
2026-02-09 14:10:10 | INFO     | --- AVGO ---
2026-02-09 14:10:10 | INFO     | AVGO — 576 bars (5min), latest $329.50
2026-02-09 14:10:10 | INFO     | AVGO BUY score: 1/4
2026-02-09 14:10:10 | INFO     |   RSI(5) 32.1 < 35.0 [+1]
2026-02-09 14:10:10 | INFO     | AVGO — no signal
2026-02-09 14:10:10 | INFO     | --- CRM ---
2026-02-09 14:10:10 | INFO     | CRM — 475 bars (5min), latest $190.01
2026-02-09 14:10:11 | INFO     | CRM BUY score: 4/4
2026-02-09 14:10:11 | INFO     |   RSI(5) 31.5 < 35.0 [+1]
2026-02-09 14:10:11 | INFO     |   Price $190.01 below VWAP $192.97 (-1.53%) [+2]
2026-02-09 14:10:11 | INFO     |   MACD histogram flipped positive [+1]
2026-02-09 14:10:11 | INFO     | CRM BUY 263 @ $190.01 | Stop $189.40 | Target $190.92
2026-02-09 14:10:11 | INFO     | ORDER BUY 263 x CRM — ID 3844d61b-289d-4ea4-8910-7c9191b2b9ec
2026-02-09 14:10:11 | INFO     | --- ORCL ---
2026-02-09 14:10:11 | INFO     | ORCL — 576 bars (5min), latest $149.35
2026-02-09 14:10:11 | INFO     | ORCL BUY score: 1/4
2026-02-09 14:10:11 | INFO     |   EMA(8) > EMA(21) (uptrend) [+1]
2026-02-09 14:10:11 | INFO     | ORCL — no signal
2026-02-09 14:10:11 | INFO     | --- ADBE ---
2026-02-09 14:10:11 | INFO     | ADBE — 479 bars (5min), latest $268.21
2026-02-09 14:10:11 | INFO     | ADBE BUY score: 3/4
2026-02-09 14:10:11 | INFO     |   Price $268.21 below VWAP $272.85 (-1.70%) [+2]
2026-02-09 14:10:11 | INFO     |   Positive momentum +0.183% over 3 bars [+1]
2026-02-09 14:10:11 | INFO     | ADBE — no signal
2026-02-09 14:10:11 | INFO     | --- INTC ---
2026-02-09 14:10:11 | INFO     | INTC — 575 bars (5min), latest $49.99
2026-02-09 14:10:12 | INFO     | INTC BUY score: 2/4
2026-02-09 14:10:12 | INFO     |   RSI(5) 18.3 < 25.0 [+2]
2026-02-09 14:10:12 | INFO     | INTC — no signal
2026-02-09 14:10:12 | INFO     | --- QCOM ---
2026-02-09 14:10:12 | INFO     | QCOM — 480 bars (5min), latest $136.75
2026-02-09 14:10:12 | INFO     | QCOM BUY score: 2/4
2026-02-09 14:10:12 | INFO     |   Price $136.75 below VWAP $139.96 (-2.30%) [+2]
2026-02-09 14:10:12 | INFO     | QCOM — no signal
2026-02-09 14:10:12 | INFO     | --- MU ---
2026-02-09 14:10:12 | INFO     | MU — 576 bars (5min), latest $380.61
2026-02-09 14:10:12 | INFO     | MU BUY score: 2/4
2026-02-09 14:10:12 | INFO     |   Price $380.61 below VWAP $383.39 (-0.72%) [+2]
2026-02-09 14:10:12 | INFO     | MU — no signal
2026-02-09 14:10:12 | INFO     | --- ANET ---
2026-02-09 14:10:12 | INFO     | ANET — 378 bars (5min), latest $137.50
2026-02-09 14:10:13 | INFO     | ANET BUY score: 2/4
2026-02-09 14:10:13 | INFO     |   EMA(8) > EMA(21) (uptrend) [+1]
2026-02-09 14:10:13 | INFO     |   Volume spike 6000 vs avg 945 [+1]
2026-02-09 14:10:13 | INFO     | ANET — no signal
2026-02-09 14:10:13 | INFO     | --- JPM ---
2026-02-09 14:10:13 | INFO     | JPM — 424 bars (5min), latest $321.13
2026-02-09 14:10:13 | INFO     | JPM BUY score: 1/4
2026-02-09 14:10:13 | INFO     |   RSI(5) 31.4 < 35.0 [+1]
2026-02-09 14:10:13 | INFO     | JPM — no signal
2026-02-09 14:10:13 | INFO     | --- GS ---
2026-02-09 14:10:13 | INFO     | GS — 342 bars (5min), latest $925.96
2026-02-09 14:10:13 | INFO     | GS BUY score: 4/4
2026-02-09 14:10:13 | INFO     |   RSI(5) 23.8 < 25.0 [+2]
2026-02-09 14:10:13 | INFO     |   Price below lower BB $926.67 [+2]
2026-02-09 14:10:13 | INFO     | GS BUY 53 @ $925.96 | Stop $924.65 | Target $927.93
2026-02-09 14:10:13 | INFO     | ORDER BUY 53 x GS — ID 81399392-3616-449c-a594-529dae039ac1
2026-02-09 14:10:13 | INFO     | --- MS ---
2026-02-09 14:10:14 | INFO     | MS — 285 bars (5min), latest $179.90
2026-02-09 14:10:14 | INFO     | MS BUY score: 1/4
2026-02-09 14:10:14 | INFO     |   MACD histogram flipped positive [+1]
2026-02-09 14:10:14 | INFO     | MS — no signal
2026-02-09 14:10:14 | INFO     | --- BAC ---
2026-02-09 14:10:14 | INFO     | BAC — 434 bars (5min), latest $56.40
2026-02-09 14:10:14 | INFO     | BAC BUY score: 2/4
2026-02-09 14:10:14 | INFO     |   MACD histogram flipped positive [+1]
2026-02-09 14:10:14 | INFO     |   Volume spike 5936 vs avg 1285 [+1]
2026-02-09 14:10:14 | INFO     | BAC — no signal
2026-02-09 14:10:14 | INFO     | --- V ---
2026-02-09 14:10:14 | INFO     | V — 371 bars (5min), latest $331.51
2026-02-09 14:10:14 | INFO     | V BUY score: 1/4
2026-02-09 14:10:14 | INFO     |   EMA(8) > EMA(21) (uptrend) [+1]
2026-02-09 14:10:14 | INFO     | V — no signal
2026-02-09 14:10:14 | INFO     | --- MA ---
2026-02-09 14:10:15 | INFO     | MA — 297 bars (5min), latest $547.30
2026-02-09 14:10:15 | INFO     | MA BUY score: 3/4
2026-02-09 14:10:15 | INFO     |   Price $547.30 below VWAP $550.17 (-0.52%) [+2]
2026-02-09 14:10:15 | INFO     |   EMA(8) > EMA(21) (uptrend) [+1]
2026-02-09 14:10:15 | INFO     | MA — no signal
2026-02-09 14:10:15 | INFO     | --- BLK ---
2026-02-09 14:10:15 | INFO     | BLK — 299 bars (5min), latest $1052.26
2026-02-09 14:10:15 | INFO     | BLK SELL score: 0/2
2026-02-09 14:10:15 | INFO     | BLK HOLD (47 shares, entry $1052.26)
2026-02-09 14:10:15 | INFO     | --- C ---
2026-02-09 14:10:15 | INFO     | C — 364 bars (5min), latest $122.40
2026-02-09 14:10:15 | INFO     | C BUY score: 1/4
2026-02-09 14:10:15 | INFO     |   Volume spike 20306 vs avg 1059 [+1]
2026-02-09 14:10:15 | INFO     | C — no signal
2026-02-09 14:10:15 | INFO     | --- UNH ---
2026-02-09 14:10:15 | INFO     | UNH — 534 bars (5min), latest $275.41
2026-02-09 14:10:16 | INFO     | UNH BUY score: 1/4
2026-02-09 14:10:16 | INFO     |   RSI(5) 26.0 < 35.0 [+1]
2026-02-09 14:10:16 | INFO     | UNH — no signal
2026-02-09 14:10:16 | INFO     | --- JNJ ---
2026-02-09 14:10:16 | INFO     | JNJ — 341 bars (5min), latest $239.54
2026-02-09 14:10:16 | INFO     | JNJ BUY score: 0/4
2026-02-09 14:10:16 | INFO     | JNJ — no signal
2026-02-09 14:10:16 | INFO     | --- LLY ---
2026-02-09 14:10:16 | INFO     | LLY — 488 bars (5min), latest $1077.00
2026-02-09 14:10:16 | INFO     | LLY BUY score: 1/4
2026-02-09 14:10:16 | INFO     |   MACD histogram flipped positive [+1]
2026-02-09 14:10:16 | INFO     | LLY — no signal
2026-02-09 14:10:16 | INFO     | --- PFE ---
2026-02-09 14:10:16 | INFO     | PFE — 528 bars (5min), latest $27.13
2026-02-09 14:10:16 | INFO     | PFE BUY score: 0/4
2026-02-09 14:10:16 | INFO     | PFE — no signal
2026-02-09 14:10:16 | INFO     | --- ABBV ---
2026-02-09 14:10:16 | INFO     | ABBV — 292 bars (5min), latest $223.46
2026-02-09 14:10:17 | INFO     | ABBV BUY score: 0/4
2026-02-09 14:10:17 | INFO     | ABBV — no signal
2026-02-09 14:10:17 | INFO     | --- MRK ---
2026-02-09 14:10:17 | INFO     | MRK — 334 bars (5min), latest $121.61
2026-02-09 14:10:17 | INFO     | MRK BUY score: 0/4
2026-02-09 14:10:17 | INFO     | MRK — no signal
2026-02-09 14:10:17 | INFO     | --- TMO ---
2026-02-09 14:10:17 | INFO     | TMO — 255 bars (5min), latest $540.91
2026-02-09 14:10:17 | INFO     | TMO BUY score: 3/4
2026-02-09 14:10:17 | INFO     |   RSI(5) 30.8 < 35.0 [+1]
2026-02-09 14:10:17 | INFO     |   Price $540.91 below VWAP $552.75 (-2.14%) [+2]
2026-02-09 14:10:17 | INFO     | TMO — no signal
2026-02-09 14:10:17 | INFO     | --- ABT ---
2026-02-09 14:10:17 | INFO     | ABT — 308 bars (5min), latest $110.81
2026-02-09 14:10:18 | INFO     | ABT BUY score: 1/4
2026-02-09 14:10:18 | INFO     |   EMA(8) > EMA(21) (uptrend) [+1]
2026-02-09 14:10:18 | INFO     | ABT — no signal
2026-02-09 14:10:18 | INFO     | --- WMT ---
2026-02-09 14:10:18 | INFO     | WMT — 478 bars (5min), latest $130.75
2026-02-09 14:10:18 | INFO     | WMT BUY score: 0/4
2026-02-09 14:10:18 | INFO     | WMT — no signal
2026-02-09 14:10:18 | INFO     | --- COST ---
2026-02-09 14:10:18 | INFO     | COST — 372 bars (5min), latest $998.05
2026-02-09 14:10:18 | INFO     | COST BUY score: 0/4
2026-02-09 14:10:18 | INFO     | COST — no signal
2026-02-09 14:10:18 | INFO     | --- HD ---
2026-02-09 14:10:18 | INFO     | HD — 315 bars (5min), latest $384.56
2026-02-09 14:10:18 | INFO     | HD BUY score: 3/4
2026-02-09 14:10:18 | INFO     |   Price $384.56 below VWAP $385.39 (-0.22%) [+2]
2026-02-09 14:10:18 | INFO     |   Positive momentum +0.271% over 3 bars [+1]
2026-02-09 14:10:18 | INFO     | HD — no signal
2026-02-09 14:10:18 | INFO     | --- NKE ---
2026-02-09 14:10:19 | INFO     | NKE — 460 bars (5min), latest $63.71
2026-02-09 14:10:19 | INFO     | NKE BUY score: 0/4
2026-02-09 14:10:19 | INFO     | NKE — no signal
2026-02-09 14:10:19 | INFO     | --- SBUX ---
2026-02-09 14:10:19 | INFO     | SBUX — 355 bars (5min), latest $98.75
2026-02-09 14:10:19 | INFO     | SBUX BUY score: 0/4
2026-02-09 14:10:19 | INFO     | SBUX — no signal
2026-02-09 14:10:19 | INFO     | --- MCD ---
2026-02-09 14:10:19 | INFO     | MCD — 306 bars (5min), latest $326.69
2026-02-09 14:10:19 | INFO     | MCD BUY score: 0/4
2026-02-09 14:10:19 | INFO     | MCD — no signal
2026-02-09 14:10:19 | INFO     | --- KO ---
2026-02-09 14:10:20 | INFO     | KO — 452 bars (5min), latest $78.67
2026-02-09 14:10:20 | INFO     | KO BUY score: 4/4
2026-02-09 14:10:20 | INFO     |   RSI(5) 21.9 < 25.0 [+2]
2026-02-09 14:10:20 | INFO     |   Price below lower BB $78.68 [+2]
2026-02-09 14:10:20 | INFO     | KO BUY 635 @ $78.67 | Stop $78.58 | Target $78.80
2026-02-09 14:10:20 | INFO     | ORDER BUY 635 x KO — ID 3c265e52-9a42-4af1-8d0d-cf76926d6ce9
2026-02-09 14:10:20 | INFO     | --- PEP ---
2026-02-09 14:10:20 | INFO     | PEP — 351 bars (5min), latest $170.06
2026-02-09 14:10:20 | INFO     | PEP BUY score: 1/4
2026-02-09 14:10:20 | INFO     |   Positive momentum +0.171% over 3 bars [+1]
2026-02-09 14:10:20 | INFO     | PEP — no signal
2026-02-09 14:10:20 | INFO     | --- XOM ---
2026-02-09 14:10:20 | INFO     | XOM — 448 bars (5min), latest $149.00
2026-02-09 14:10:20 | INFO     | XOM SELL score: 2/2
2026-02-09 14:10:20 | INFO     |   Price $149.00 above VWAP $146.87 [+2]
2026-02-09 14:10:20 | INFO     | XOM P&L: $67.90 (0.14%)
2026-02-09 14:10:20 | INFO     | ORDER SELL 335 x XOM — ID fab0aaca-e367-405d-9a65-4b02c06ff31d
2026-02-09 14:10:20 | INFO     | --- CVX ---
2026-02-09 14:10:20 | INFO     | CVX — 380 bars (5min), latest $180.67
2026-02-09 14:10:21 | INFO     | CVX BUY score: 3/4
2026-02-09 14:10:21 | INFO     |   RSI(5) 33.0 < 35.0 [+1]
2026-02-09 14:10:21 | INFO     |   Price near VWAP (0.12%) [+1]
2026-02-09 14:10:21 | INFO     |   EMA(8) > EMA(21) (uptrend) [+1]
2026-02-09 14:10:21 | INFO     | CVX — no signal
2026-02-09 14:10:21 | INFO     | --- CAT ---
2026-02-09 14:10:21 | INFO     | CAT — 381 bars (5min), latest $722.65
2026-02-09 14:10:21 | INFO     | CAT BUY score: 4/4
2026-02-09 14:10:21 | INFO     |   RSI(5) 16.6 < 25.0 [+2]
2026-02-09 14:10:21 | INFO     |   Price below lower BB $723.06 [+2]
2026-02-09 14:10:21 | INFO     | CAT BUY 69 @ $722.65 | Stop $721.31 | Target $724.66
2026-02-09 14:10:21 | INFO     | ORDER BUY 69 x CAT — ID 4554f990-1662-481f-b74f-23117a0cb9a6
2026-02-09 14:10:21 | INFO     | --- BA ---
2026-02-09 14:10:21 | INFO     | BA — 416 bars (5min), latest $242.85
2026-02-09 14:10:21 | INFO     | BA BUY score: 0/4
2026-02-09 14:10:21 | INFO     | BA — no signal
2026-02-09 14:10:21 | INFO     | --- GE ---
2026-02-09 14:10:21 | INFO     | GE — 367 bars (5min), latest $320.25
2026-02-09 14:10:22 | INFO     | GE BUY score: 1/4
2026-02-09 14:10:22 | INFO     |   RSI(5) 29.9 < 35.0 [+1]
2026-02-09 14:10:22 | INFO     | GE — no signal
2026-02-09 14:10:22 | INFO     | --- UPS ---
2026-02-09 14:10:22 | INFO     | UPS — 352 bars (5min), latest $117.31
2026-02-09 14:10:22 | INFO     | UPS BUY score: 1/4
2026-02-09 14:10:22 | INFO     |   EMA(8) > EMA(21) (uptrend) [+1]
2026-02-09 14:10:22 | INFO     | UPS — no signal
2026-02-09 14:10:22 | INFO     | --- DE ---
2026-02-09 14:10:22 | INFO     | DE — 290 bars (5min), latest $582.00
2026-02-09 14:10:22 | INFO     | DE BUY score: 1/4
2026-02-09 14:10:22 | INFO     |   MACD histogram flipped positive [+1]
2026-02-09 14:10:22 | INFO     | DE — no signal
2026-02-09 14:10:22 | INFO     | --- LMT ---
2026-02-09 14:10:22 | INFO     | LMT — 324 bars (5min), latest $620.97
2026-02-09 14:10:23 | INFO     | LMT BUY score: 2/4
2026-02-09 14:10:23 | INFO     |   RSI(5) 22.1 < 25.0 [+2]
2026-02-09 14:10:23 | INFO     | LMT — no signal
2026-02-09 14:10:23 | INFO     | --- NFLX ---
2026-02-09 14:10:23 | INFO     | NFLX — 576 bars (5min), latest $82.21
2026-02-09 14:10:23 | INFO     | NFLX SELL score: 2/2
2026-02-09 14:10:23 | INFO     |   Price $82.21 above VWAP $81.23 [+2]
2026-02-09 14:10:23 | INFO     | NFLX P&L: $-37.39 (-0.07%)
2026-02-09 14:10:23 | INFO     | ORDER SELL 607 x NFLX — ID ca43e912-a626-403b-84c4-89eaf7cbe0af
2026-02-09 14:10:23 | INFO     | --- DIS ---
2026-02-09 14:10:23 | INFO     | DIS — 387 bars (5min), latest $108.16
2026-02-09 14:10:23 | INFO     | DIS BUY score: 3/4
2026-02-09 14:10:23 | INFO     |   RSI(5) 27.2 < 35.0 [+1]
2026-02-09 14:10:23 | INFO     |   Price below lower BB $108.23 [+2]
2026-02-09 14:10:23 | INFO     | DIS — no signal
2026-02-09 14:10:23 | INFO     | --- PYPL ---
2026-02-09 14:10:23 | INFO     | PYPL — 556 bars (5min), latest $40.50
2026-02-09 14:10:24 | INFO     | PYPL BUY score: 1/4
2026-02-09 14:10:24 | INFO     |   RSI(5) 30.9 < 35.0 [+1]
2026-02-09 14:10:24 | INFO     | PYPL — no signal
2026-02-09 14:10:24 | INFO     | --- SQ ---
2026-02-09 14:10:24 | ERROR    | No data returned for SQ
2026-02-09 14:10:24 | INFO     | --- COIN ---
2026-02-09 14:10:24 | INFO     | COIN — 576 bars (5min), latest $160.05
2026-02-09 14:10:27 | INFO     | COIN BUY score: 4/4
2026-02-09 14:10:27 | INFO     |   RSI(5) 16.5 < 25.0 [+2]
2026-02-09 14:10:27 | INFO     |   Price below lower BB $160.32 [+2]
2026-02-09 14:10:27 | INFO     | COIN BUY 312 @ $160.05 | Stop $159.26 | Target $161.24
2026-02-09 14:10:27 | INFO     | ORDER BUY 312 x COIN — ID a91b659a-2b01-463c-a80b-5f471c580068
2026-02-09 14:10:27 | INFO     | --- RIVN ---
2026-02-09 14:10:27 | INFO     | RIVN — 502 bars (5min), latest $14.82
2026-02-09 14:10:27 | INFO     | RIVN BUY score: 1/4
2026-02-09 14:10:27 | INFO     |   RSI(5) 33.5 < 35.0 [+1]
2026-02-09 14:10:27 | INFO     | RIVN — no signal
2026-02-09 14:10:27 | INFO     | --- PLTR ---
2026-02-09 14:10:28 | INFO     | PLTR — 576 bars (5min), latest $137.05
2026-02-09 14:10:28 | INFO     | PLTR SELL score: 2/2
2026-02-09 14:10:28 | INFO     |   Price $137.05 above VWAP $136.16 [+2]
2026-02-09 14:10:28 | INFO     | PLTR P&L: $73.00 (0.15%)
2026-02-09 14:10:28 | INFO     | ORDER SELL 365 x PLTR — ID 2530f5ab-fbb4-4ce6-aa8f-34f7a07258fd
2026-02-09 14:10:28 | INFO     | --- SOFI ---
2026-02-09 14:10:28 | INFO     | SOFI — 573 bars (5min), latest $21.34
2026-02-09 14:10:31 | INFO     | SOFI BUY score: 0/4
2026-02-09 14:10:31 | INFO     | SOFI — no signal
2026-02-09 14:10:31 | INFO     | Done.
2026-02-17 11:53:01 | INFO     | ============================================================
2026-02-17 11:53:01 | INFO     | HFT Bot | 11:53:01 | symbols=['AAPL', 'MSFT', 'NVDA', 'AMD', 'TSLA', 'GOOG', 'AMZN', 'META', 'AVGO', 'CRM', 'ORCL', 'ADBE', 'INTC', 'QCOM', 'MU', 'ANET', 'JPM', 'GS', 'MS', 'BAC', 'V', 'MA', 'BLK', 'C', 'UNH', 'JNJ', 'LLY', 'PFE', 'ABBV', 'MRK', 'TMO', 'ABT', 'WMT', 'COST', 'HD', 'NKE', 'SBUX', 'MCD', 'KO', 'PEP', 'XOM', 'CVX', 'CAT', 'BA', 'GE', 'UPS', 'DE', 'LMT', 'NFLX', 'DIS', 'PYPL', 'SQ', 'COIN', 'RIVN', 'PLTR', 'SOFI'] | 5min bars
2026-02-17 11:53:01 | INFO     | ============================================================
2026-02-17 11:53:01 | INFO     | --- AAPL ---
2026-02-17 11:53:02 | INFO     | AAPL — 366 bars (5min), latest $254.94
2026-02-17 11:53:03 | INFO     | AAPL BUY score: 2/4
2026-02-17 11:53:03 | INFO     |   Price $254.94 below VWAP $261.55 (-2.53%) [+2]
2026-02-17 11:53:03 | INFO     | AAPL — no signal
2026-02-17 11:53:03 | INFO     | --- MSFT ---
2026-02-17 11:53:03 | INFO     | MSFT — 382 bars (5min), latest $399.67
2026-02-17 11:53:03 | INFO     | MSFT BUY score: 2/4
2026-02-17 11:53:03 | INFO     |   Price $399.67 below VWAP $402.16 (-0.62%) [+2]
2026-02-17 11:53:03 | INFO     | MSFT — no signal
2026-02-17 11:53:03 | INFO     | --- NVDA ---
2026-02-17 11:53:03 | INFO     | NVDA — 384 bars (5min), latest $181.30
2026-02-17 11:53:04 | INFO     | NVDA BUY score: 2/4
2026-02-17 11:53:04 | INFO     |   Price $181.30 below VWAP $186.66 (-2.87%) [+2]
2026-02-17 11:53:04 | INFO     | NVDA — no signal
2026-02-17 11:53:04 | INFO     | --- AMD ---
2026-02-17 11:53:04 | INFO     | AMD — 379 bars (5min), latest $203.45
2026-02-17 11:53:04 | INFO     | AMD BUY score: 2/4
2026-02-17 11:53:04 | INFO     |   Price $203.45 below VWAP $208.40 (-2.38%) [+2]
2026-02-17 11:53:04 | INFO     | AMD — no signal
2026-02-17 11:53:04 | INFO     | --- TSLA ---
2026-02-17 11:53:04 | INFO     | TSLA — 384 bars (5min), latest $412.75
2026-02-17 11:53:04 | INFO     | TSLA BUY score: 2/4
2026-02-17 11:53:04 | INFO     |   Price $412.75 below VWAP $419.79 (-1.68%) [+2]
2026-02-17 11:53:04 | INFO     | TSLA — no signal
2026-02-17 11:53:04 | INFO     | --- GOOG ---
2026-02-17 11:53:05 | INFO     | GOOG — 372 bars (5min), latest $302.09
2026-02-17 11:53:05 | INFO     | GOOG BUY score: 3/4
2026-02-17 11:53:05 | INFO     |   RSI(5) 32.0 < 35.0 [+1]
2026-02-17 11:53:05 | INFO     |   Price $302.09 below VWAP $309.44 (-2.37%) [+2]
2026-02-17 11:53:05 | INFO     | GOOG — no signal
2026-02-17 11:53:05 | INFO     | --- AMZN ---
2026-02-17 11:53:05 | INFO     | AMZN — 379 bars (5min), latest $198.22
2026-02-17 11:53:05 | INFO     | AMZN BUY score: 2/4
2026-02-17 11:53:05 | INFO     |   Price $198.22 below VWAP $199.47 (-0.63%) [+2]
2026-02-17 11:53:05 | INFO     | AMZN — no signal
2026-02-17 11:53:05 | INFO     | --- META ---
2026-02-17 11:53:05 | INFO     | META — 372 bars (5min), latest $634.98
2026-02-17 11:53:06 | INFO     | META BUY score: 3/4
2026-02-17 11:53:06 | INFO     |   Price $634.98 below VWAP $649.39 (-2.22%) [+2]
2026-02-17 11:53:06 | INFO     |   EMA(8) > EMA(21) (uptrend) [+1]
2026-02-17 11:53:06 | INFO     | META — no signal
2026-02-17 11:53:06 | INFO     | --- AVGO ---
2026-02-17 11:53:06 | INFO     | AVGO — 374 bars (5min), latest $321.22
2026-02-17 11:53:06 | INFO     | AVGO BUY score: 2/4
2026-02-17 11:53:06 | INFO     |   Price $321.22 below VWAP $331.44 (-3.08%) [+2]
2026-02-17 11:53:06 | INFO     | AVGO — no signal
2026-02-17 11:53:06 | INFO     | --- CRM ---
2026-02-17 11:53:06 | INFO     | CRM — 290 bars (5min), latest $188.00
2026-02-17 11:53:06 | INFO     | CRM BUY score: 1/4
2026-02-17 11:53:06 | INFO     |   MACD histogram flipped positive [+1]
2026-02-17 11:53:06 | INFO     | CRM — no signal
2026-02-17 11:53:06 | INFO     | --- ORCL ---
2026-02-17 11:53:06 | INFO     | ORCL — 380 bars (5min), latest $158.00
2026-02-17 11:53:07 | INFO     | ORCL BUY score: 3/4
2026-02-17 11:53:07 | INFO     |   RSI(5) 31.1 < 35.0 [+1]
2026-02-17 11:53:07 | INFO     |   Price near VWAP (0.00%) [+1]
2026-02-17 11:53:07 | INFO     |   Volume spike 15062 vs avg 806 [+1]
2026-02-17 11:53:07 | INFO     | ORCL — no signal
2026-02-17 11:53:07 | INFO     | --- ADBE ---
2026-02-17 11:53:07 | INFO     | ADBE — 297 bars (5min), latest $261.29
2026-02-17 11:53:07 | INFO     | ADBE BUY score: 1/4
2026-02-17 11:53:07 | INFO     |   RSI(5) 34.8 < 35.0 [+1]
2026-02-17 11:53:07 | INFO     | ADBE — no signal
2026-02-17 11:53:07 | INFO     | --- INTC ---
2026-02-17 11:53:07 | INFO     | INTC — 384 bars (5min), latest $46.28
2026-02-17 11:53:07 | INFO     | INTC BUY score: 2/4
2026-02-17 11:53:07 | INFO     |   Price $46.28 below VWAP $46.98 (-1.50%) [+2]
2026-02-17 11:53:07 | INFO     | INTC — no signal
2026-02-17 11:53:07 | INFO     | --- QCOM ---
2026-02-17 11:53:07 | INFO     | QCOM — 231 bars (5min), latest $139.70
2026-02-17 11:53:08 | INFO     | QCOM BUY score: 0/4
2026-02-17 11:53:08 | INFO     | QCOM — no signal
2026-02-17 11:53:08 | INFO     | --- MU ---
2026-02-17 11:53:08 | INFO     | MU — 383 bars (5min), latest $402.00
2026-02-17 11:53:08 | INFO     | MU BUY score: 3/4
2026-02-17 11:53:08 | INFO     |   Price $402.00 below VWAP $416.81 (-3.55%) [+2]
2026-02-17 11:53:08 | INFO     |   Volume spike 10193 vs avg 4698 [+1]
2026-02-17 11:53:08 | INFO     | MU — no signal
2026-02-17 11:53:08 | INFO     | --- ANET ---
2026-02-17 11:53:08 | INFO     | ANET — 331 bars (5min), latest $141.72
2026-02-17 11:53:08 | INFO     | ANET BUY score: 2/4
2026-02-17 11:53:08 | INFO     |   EMA(8) > EMA(21) (uptrend) [+1]
2026-02-17 11:53:08 | INFO     |   MACD histogram flipped positive [+1]
2026-02-17 11:53:08 | INFO     | ANET — no signal
2026-02-17 11:53:08 | INFO     | --- JPM ---
2026-02-17 11:53:08 | INFO     | JPM — 279 bars (5min), latest $302.40
2026-02-17 11:53:09 | INFO     | JPM BUY score: 2/4
2026-02-17 11:53:09 | INFO     |   Price $302.40 below VWAP $303.09 (-0.23%) [+2]
2026-02-17 11:53:09 | INFO     | JPM — no signal
2026-02-17 11:53:09 | INFO     | --- GS ---
2026-02-17 11:53:09 | INFO     | GS — 237 bars (5min), latest $904.98
2026-02-17 11:53:09 | INFO     | GS BUY score: 3/4
2026-02-17 11:53:09 | INFO     |   Price $904.98 below VWAP $910.42 (-0.60%) [+2]
2026-02-17 11:53:09 | INFO     |   EMA(8) > EMA(21) (uptrend) [+1]
2026-02-17 11:53:09 | INFO     | GS — no signal
2026-02-17 11:53:09 | INFO     | --- MS ---
2026-02-17 11:53:09 | INFO     | MS — 204 bars (5min), latest $171.45
2026-02-17 11:53:09 | INFO     | MS BUY score: 1/4
2026-02-17 11:53:09 | INFO     |   EMA(8) > EMA(21) (uptrend) [+1]
2026-02-17 11:53:09 | INFO     | MS — no signal
2026-02-17 11:53:09 | INFO     | --- BAC ---
2026-02-17 11:53:09 | INFO     | BAC — 256 bars (5min), latest $52.68
2026-02-17 11:53:09 | INFO     | BAC BUY score: 2/4
2026-02-17 11:53:09 | INFO     |   EMA(8) > EMA(21) (uptrend) [+1]
2026-02-17 11:53:09 | INFO     |   MACD histogram flipped positive [+1]
2026-02-17 11:53:09 | INFO     | BAC — no signal
2026-02-17 11:53:09 | INFO     | --- V ---
2026-02-17 11:53:10 | INFO     | V — 253 bars (5min), latest $314.75
2026-02-17 11:53:10 | INFO     | V BUY score: 2/4
2026-02-17 11:53:10 | INFO     |   Price $314.75 below VWAP $321.00 (-1.95%) [+2]
2026-02-17 11:53:10 | INFO     | V — no signal
2026-02-17 11:53:10 | INFO     | --- MA ---
2026-02-17 11:53:10 | INFO     | MA — 198 bars (5min), latest $516.44
2026-02-17 11:53:10 | INFO     | MA BUY score: 6/4
2026-02-17 11:53:10 | INFO     |   RSI(5) 19.5 < 25.0 [+2]
2026-02-17 11:53:10 | INFO     |   Price $516.44 below VWAP $525.91 (-1.80%) [+2]
2026-02-17 11:53:10 | INFO     |   Price below lower BB $517.27 [+2]
2026-02-17 11:53:10 | INFO     | MA BUY 193 @ $516.44 | Stop $515.69 | Target $517.56
2026-02-17 11:53:10 | INFO     | ORDER BUY 193 x MA — ID c20bfdbd-9ccf-4faf-97f6-847f5f325859
2026-02-17 11:53:10 | INFO     | --- BLK ---
2026-02-17 11:53:10 | INFO     | BLK — 178 bars (5min), latest $1069.82
2026-02-17 11:53:11 | INFO     | BLK BUY score: 1/4
2026-02-17 11:53:11 | INFO     |   EMA(8) > EMA(21) (uptrend) [+1]
2026-02-17 11:53:11 | INFO     | BLK — no signal
2026-02-17 11:53:11 | INFO     | --- C ---
2026-02-17 11:53:11 | INFO     | C — 238 bars (5min), latest $111.99
2026-02-17 11:53:11 | INFO     | C BUY score: 3/4
2026-02-17 11:53:11 | INFO     |   EMA(8) > EMA(21) (uptrend) [+1]
2026-02-17 11:53:11 | INFO     |   MACD histogram flipped positive [+1]
2026-02-17 11:53:11 | INFO     |   Positive momentum +0.983% over 3 bars [+1]
2026-02-17 11:53:11 | INFO     | C — no signal
2026-02-17 11:53:11 | INFO     | --- UNH ---
2026-02-17 11:53:11 | INFO     | UNH — 315 bars (5min), latest $292.07
2026-02-17 11:53:11 | INFO     | UNH BUY score: 1/4
2026-02-17 11:53:11 | INFO     |   MACD histogram flipped positive [+1]
2026-02-17 11:53:11 | INFO     | UNH — no signal
2026-02-17 11:53:11 | INFO     | --- JNJ ---
2026-02-17 11:53:11 | INFO     | JNJ — 203 bars (5min), latest $244.35
2026-02-17 11:53:11 | INFO     | JNJ BUY score: 2/4
2026-02-17 11:53:11 | INFO     |   Price near VWAP (0.06%) [+1]
2026-02-17 11:53:11 | INFO     |   EMA(8) > EMA(21) (uptrend) [+1]
2026-02-17 11:53:11 | INFO     | JNJ — no signal
2026-02-17 11:53:11 | INFO     | --- LLY ---
2026-02-17 11:53:12 | INFO     | LLY — 228 bars (5min), latest $1045.68
2026-02-17 11:53:12 | INFO     | LLY BUY score: 2/4
2026-02-17 11:53:12 | INFO     |   Price near VWAP (0.19%) [+1]
2026-02-17 11:53:12 | INFO     |   EMA(8) > EMA(21) (uptrend) [+1]
2026-02-17 11:53:12 | INFO     | LLY — no signal
2026-02-17 11:53:12 | INFO     | --- PFE ---
2026-02-17 11:53:12 | INFO     | PFE — 316 bars (5min), latest $27.65
2026-02-17 11:53:12 | INFO     | PFE BUY score: 2/4
2026-02-17 11:53:12 | INFO     |   Price near VWAP (0.00%) [+1]
2026-02-17 11:53:12 | INFO     |   EMA(8) > EMA(21) (uptrend) [+1]
2026-02-17 11:53:12 | INFO     | PFE — no signal
2026-02-17 11:53:12 | INFO     | --- ABBV ---
2026-02-17 11:53:12 | INFO     | ABBV — 175 bars (5min), latest $232.35
2026-02-17 11:53:13 | INFO     | ABBV BUY score: 2/4
2026-02-17 11:53:13 | INFO     |   EMA(8) crossed above EMA(21) [+2]
2026-02-17 11:53:13 | INFO     | ABBV — no signal
2026-02-17 11:53:13 | INFO     | --- MRK ---
2026-02-17 11:53:13 | INFO     | MRK — 214 bars (5min), latest $121.63
2026-02-17 11:53:13 | INFO     | MRK BUY score: 1/4
2026-02-17 11:53:13 | INFO     |   MACD histogram flipped positive [+1]
2026-02-17 11:53:13 | INFO     | MRK — no signal
2026-02-17 11:53:13 | INFO     | --- TMO ---
2026-02-17 11:53:13 | INFO     | TMO — 171 bars (5min), latest $502.20
2026-02-17 11:53:13 | INFO     | TMO BUY score: 6/4
2026-02-17 11:53:13 | INFO     |   RSI(5) 10.0 < 25.0 [+2]
2026-02-17 11:53:13 | INFO     |   Price $502.20 below VWAP $507.04 (-0.96%) [+2]
2026-02-17 11:53:13 | INFO     |   Price below lower BB $503.10 [+2]
2026-02-17 11:53:13 | INFO     | TMO BUY 199 @ $502.20 | Stop $501.30 | Target $503.56
2026-02-17 11:53:13 | INFO     | ORDER BUY 199 x TMO — ID f1724f45-033f-4970-839d-b05e57bb5e3e
2026-02-17 11:53:13 | INFO     | --- ABT ---
2026-02-17 11:53:13 | INFO     | ABT — 181 bars (5min), latest $112.79
2026-02-17 11:53:14 | INFO     | ABT BUY score: 1/4
2026-02-17 11:53:14 | INFO     |   EMA(8) > EMA(21) (uptrend) [+1]
2026-02-17 11:53:14 | INFO     | ABT — no signal
2026-02-17 11:53:14 | INFO     | --- WMT ---
2026-02-17 11:53:14 | INFO     | WMT — 314 bars (5min), latest $133.23
2026-02-17 11:53:14 | INFO     | WMT BUY score: 3/4
2026-02-17 11:53:14 | INFO     |   Price $133.23 below VWAP $133.40 (-0.13%) [+2]
2026-02-17 11:53:14 | INFO     |   Positive momentum +0.399% over 3 bars [+1]
2026-02-17 11:53:14 | INFO     | WMT — no signal
2026-02-17 11:53:14 | INFO     | --- COST ---
2026-02-17 11:53:14 | INFO     | COST — 203 bars (5min), latest $1016.20
2026-02-17 11:53:14 | INFO     | COST BUY score: 1/4
2026-02-17 11:53:14 | INFO     |   Positive momentum +0.090% over 3 bars [+1]
2026-02-17 11:53:14 | INFO     | COST — no signal
2026-02-17 11:53:14 | INFO     | --- HD ---
2026-02-17 11:53:14 | INFO     | HD — 193 bars (5min), latest $393.02
2026-02-17 11:53:15 | INFO     | HD BUY score: 2/4
2026-02-17 11:53:15 | INFO     |   EMA(8) crossed above EMA(21) [+2]
2026-02-17 11:53:15 | INFO     | HD — no signal
2026-02-17 11:53:15 | INFO     | --- NKE ---
2026-02-17 11:53:15 | INFO     | NKE — 272 bars (5min), latest $63.00
2026-02-17 11:53:15 | INFO     | NKE BUY score: 0/4
2026-02-17 11:53:15 | INFO     | NKE — no signal
2026-02-17 11:53:15 | INFO     | --- SBUX ---
2026-02-17 11:53:15 | INFO     | SBUX — 212 bars (5min), latest $93.33
2026-02-17 11:53:15 | INFO     | SBUX BUY score: 3/4
2026-02-17 11:53:15 | INFO     |   RSI(5) 34.9 < 35.0 [+1]
2026-02-17 11:53:15 | INFO     |   Price $93.33 below VWAP $96.35 (-3.14%) [+2]
2026-02-17 11:53:15 | INFO     | SBUX — no signal
2026-02-17 11:53:15 | INFO     | --- MCD ---
2026-02-17 11:53:15 | INFO     | MCD — 239 bars (5min), latest $328.34
2026-02-17 11:53:16 | INFO     | MCD BUY score: 3/4
2026-02-17 11:53:16 | INFO     |   Price $328.34 below VWAP $329.58 (-0.38%) [+2]
2026-02-17 11:53:16 | INFO     |   EMA(8) > EMA(21) (uptrend) [+1]
2026-02-17 11:53:16 | INFO     | MCD — no signal
2026-02-17 11:53:16 | INFO     | --- KO ---
2026-02-17 11:53:16 | INFO     | KO — 238 bars (5min), latest $78.77
2026-02-17 11:53:16 | INFO     | KO BUY score: 3/4
2026-02-17 11:53:16 | INFO     |   Price $78.77 below VWAP $79.29 (-0.66%) [+2]
2026-02-17 11:53:16 | INFO     |   EMA(8) > EMA(21) (uptrend) [+1]
2026-02-17 11:53:16 | INFO     | KO — no signal
2026-02-17 11:53:16 | INFO     | --- PEP ---
2026-02-17 11:53:16 | INFO     | PEP — 191 bars (5min), latest $166.55
2026-02-17 11:53:16 | INFO     | PEP BUY score: 3/4
2026-02-17 11:53:16 | INFO     |   Price $166.55 below VWAP $167.40 (-0.51%) [+2]
2026-02-17 11:53:16 | INFO     |   Positive momentum +0.374% over 3 bars [+1]
2026-02-17 11:53:16 | INFO     | PEP — no signal
2026-02-17 11:53:16 | INFO     | --- XOM ---
2026-02-17 11:53:16 | INFO     | XOM — 294 bars (5min), latest $150.76
2026-02-17 11:53:17 | INFO     | XOM BUY score: 2/4
2026-02-17 11:53:17 | INFO     |   Price near VWAP (0.15%) [+1]
2026-02-17 11:53:17 | INFO     |   EMA(8) > EMA(21) (uptrend) [+1]
2026-02-17 11:53:17 | INFO     | XOM — no signal
2026-02-17 11:53:17 | INFO     | --- CVX ---
2026-02-17 11:53:17 | INFO     | CVX — 255 bars (5min), latest $185.10
2026-02-17 11:53:17 | INFO     | CVX BUY score: 2/4
2026-02-17 11:53:17 | INFO     |   EMA(8) > EMA(21) (uptrend) [+1]
2026-02-17 11:53:17 | INFO     |   Positive momentum +1.010% over 3 bars [+1]
2026-02-17 11:53:17 | INFO     | CVX — no signal
2026-02-17 11:53:17 | INFO     | --- CAT ---
2026-02-17 11:53:17 | INFO     | CAT — 253 bars (5min), latest $771.00
2026-02-17 11:53:17 | INFO     | CAT BUY score: 2/4
2026-02-17 11:53:17 | INFO     |   Price near VWAP (0.11%) [+1]
2026-02-17 11:53:17 | INFO     |   MACD histogram flipped positive [+1]
2026-02-17 11:53:17 | INFO     | CAT — no signal
2026-02-17 11:53:17 | INFO     | --- BA ---
2026-02-17 11:53:17 | INFO     | BA — 245 bars (5min), latest $242.57
2026-02-17 11:53:18 | INFO     | BA BUY score: 2/4
2026-02-17 11:53:18 | INFO     |   RSI(5) 34.9 < 35.0 [+1]
2026-02-17 11:53:18 | INFO     |   EMA(8) > EMA(21) (uptrend) [+1]
2026-02-17 11:53:18 | INFO     | BA — no signal
2026-02-17 11:53:18 | INFO     | --- GE ---
2026-02-17 11:53:18 | INFO     | GE — 218 bars (5min), latest $314.24
2026-02-17 11:53:18 | INFO     | GE BUY score: 6/4
2026-02-17 11:53:18 | INFO     |   RSI(5) 21.7 < 25.0 [+2]
2026-02-17 11:53:18 | INFO     |   Price $314.24 below VWAP $316.92 (-0.85%) [+2]
2026-02-17 11:53:18 | INFO     |   Price below lower BB $314.50 [+2]
2026-02-17 11:53:18 | INFO     | GE BUY 318 @ $314.24 | Stop $313.87 | Target $314.79
2026-02-17 11:53:18 | INFO     | ORDER BUY 318 x GE — ID 3f3ad99c-b670-4349-bfbf-64e3f51e1b20
2026-02-17 11:53:18 | INFO     | --- UPS ---
2026-02-17 11:53:18 | INFO     | UPS — 217 bars (5min), latest $117.34
2026-02-17 11:53:18 | INFO     | UPS BUY score: 6/4
2026-02-17 11:53:18 | INFO     |   RSI(5) 12.8 < 25.0 [+2]
2026-02-17 11:53:18 | INFO     |   Price $117.34 below VWAP $119.07 (-1.45%) [+2]
2026-02-17 11:53:18 | INFO     |   Price below lower BB $117.50 [+2]
2026-02-17 11:53:18 | INFO     | UPS BUY 852 @ $117.34 | Stop $117.03 | Target $117.80
2026-02-17 11:53:18 | INFO     | ORDER BUY 852 x UPS — ID 51f4a010-c010-4367-a1d7-9ab7cb7dc2f6
2026-02-17 11:53:18 | INFO     | --- DE ---
2026-02-17 11:53:19 | INFO     | DE — 180 bars (5min), latest $596.99
2026-02-17 11:53:19 | INFO     | DE BUY score: 6/4
2026-02-17 11:53:19 | INFO     |   RSI(5) 10.4 < 25.0 [+2]
2026-02-17 11:53:19 | INFO     |   Price $596.99 below VWAP $606.25 (-1.53%) [+2]
2026-02-17 11:53:19 | INFO     |   Price below lower BB $599.14 [+2]
2026-02-17 11:53:19 | INFO     | DE BUY 167 @ $596.99 | Stop $595.56 | Target $599.14
2026-02-17 11:53:19 | INFO     | ORDER BUY 167 x DE — ID cc7925ef-5539-46c0-8f0f-949de4c3a228
2026-02-17 11:53:19 | INFO     | --- LMT ---
2026-02-17 11:53:19 | INFO     | LMT — 190 bars (5min), latest $653.88
2026-02-17 11:53:19 | INFO     | LMT BUY score: 1/4
2026-02-17 11:53:19 | INFO     |   EMA(8) > EMA(21) (uptrend) [+1]
2026-02-17 11:53:19 | INFO     | LMT — no signal
2026-02-17 11:53:19 | INFO     | --- NFLX ---
2026-02-17 11:53:19 | INFO     | NFLX — 384 bars (5min), latest $76.49
2026-02-17 11:53:20 | INFO     | NFLX BUY score: 1/4
2026-02-17 11:53:20 | INFO     |   Price near VWAP (0.04%) [+1]
2026-02-17 11:53:20 | INFO     | NFLX — no signal
2026-02-17 11:53:20 | INFO     | --- DIS ---
2026-02-17 11:53:20 | INFO     | DIS — 241 bars (5min), latest $105.44
2026-02-17 11:53:23 | INFO     | DIS BUY score: 2/4
2026-02-17 11:53:23 | INFO     |   EMA(8) crossed above EMA(21) [+2]
2026-02-17 11:53:23 | INFO     | DIS — no signal
2026-02-17 11:53:23 | INFO     | --- PYPL ---
2026-02-17 11:53:23 | INFO     | PYPL — 341 bars (5min), latest $40.17
2026-02-17 11:53:23 | INFO     | PYPL BUY score: 1/4
2026-02-17 11:53:23 | INFO     |   Positive momentum +0.125% over 3 bars [+1]
2026-02-17 11:53:23 | INFO     | PYPL — no signal
2026-02-17 11:53:23 | INFO     | --- SQ ---
2026-02-17 11:53:23 | ERROR    | No data returned for SQ
2026-02-17 11:53:23 | INFO     | --- COIN ---
2026-02-17 11:53:23 | INFO     | COIN — 381 bars (5min), latest $161.49
2026-02-17 11:53:27 | INFO     | COIN BUY score: 0/4
2026-02-17 11:53:27 | INFO     | COIN — no signal
2026-02-17 11:53:27 | INFO     | --- RIVN ---
2026-02-17 11:53:27 | INFO     | RIVN — 368 bars (5min), latest $17.53
2026-02-17 11:53:27 | INFO     | RIVN BUY score: 0/4
2026-02-17 11:53:27 | INFO     | RIVN — no signal
2026-02-17 11:53:27 | INFO     | --- PLTR ---
2026-02-17 11:53:27 | INFO     | PLTR — 383 bars (5min), latest $128.78
2026-02-17 11:53:27 | INFO     | PLTR BUY score: 2/4
2026-02-17 11:53:27 | INFO     |   Price $128.78 below VWAP $130.14 (-1.05%) [+2]
2026-02-17 11:53:27 | INFO     | PLTR — no signal
2026-02-17 11:53:27 | INFO     | --- SOFI ---
2026-02-17 11:53:27 | INFO     | SOFI — 380 bars (5min), latest $19.44
2026-02-17 11:53:31 | INFO     | SOFI BUY score: 2/4
2026-02-17 11:53:31 | INFO     |   Price $19.44 below VWAP $19.53 (-0.45%) [+2]
2026-02-17 11:53:31 | INFO     | SOFI — no signal
2026-02-17 11:53:31 | INFO     | Done.
